InventarioMobile/app/build/intermediates/manifest_merge_blame_file/release/manifest-merger-blame-release-report.txt
1<?xml version="1.0" encoding="utf-8"?>
2<manifest xmlns:android="http://schemas.android.com/apk/res/android"
3    package="com.inventario.mobile"
4    android:versionCode="3"
5    android:versionName="1.2" >
6
7    <uses-sdk
8        android:minSdkVersion="23"
9        android:targetSdkVersion="34" />
10
11    <!-- Permissões necessárias -->
12    <uses-permission android:name="android.permission.INTERNET" />
12-->src\main\AndroidManifest.xml:6:5-67
12-->src\main\AndroidManifest.xml:6:22-64
13    <uses-permission android:name="android.permission.ACCESS_NETWORK_STATE" />
13-->src\main\AndroidManifest.xml:7:5-79
13-->src\main\AndroidManifest.xml:7:22-76
14
15    <!-- Permissões de câmera com configurações específicas para Android 14 -->
16    <uses-permission android:name="android.permission.CAMERA" />
16-->src\main\AndroidManifest.xml:10:5-65
16-->src\main\AndroidManifest.xml:10:22-62
17
18    <!-- Permissões de armazenamento -->
19    <uses-permission
19-->src\main\AndroidManifest.xml:13:5-14:38
20        android:name="android.permission.WRITE_EXTERNAL_STORAGE"
20-->src\main\AndroidManifest.xml:13:22-78
21        android:maxSdkVersion="28" />
21-->src\main\AndroidManifest.xml:14:9-35
22    <uses-permission
22-->src\main\AndroidManifest.xml:15:5-16:38
23        android:name="android.permission.READ_EXTERNAL_STORAGE"
23-->src\main\AndroidManifest.xml:15:22-77
24        android:maxSdkVersion="32" />
24-->src\main\AndroidManifest.xml:16:9-35
25
26    <!-- Permissões de localização -->
27    <uses-permission android:name="android.permission.ACCESS_FINE_LOCATION" />
27-->src\main\AndroidManifest.xml:19:5-79
27-->src\main\AndroidManifest.xml:19:22-76
28    <uses-permission android:name="android.permission.ACCESS_COARSE_LOCATION" />
28-->src\main\AndroidManifest.xml:20:5-81
28-->src\main\AndroidManifest.xml:20:22-78
29    <uses-permission android:name="android.permission.WAKE_LOCK" />
29-->src\main\AndroidManifest.xml:21:5-68
29-->src\main\AndroidManifest.xml:21:22-65
30
31    <!-- Permissão de vibração para feedback tátil -->
32    <uses-permission android:name="android.permission.VIBRATE" />
32-->src\main\AndroidManifest.xml:24:5-66
32-->src\main\AndroidManifest.xml:24:22-63
33
34    <!-- Permissão de áudio para busca por voz -->
35    <uses-permission android:name="android.permission.RECORD_AUDIO" />
35-->src\main\AndroidManifest.xml:27:5-71
35-->src\main\AndroidManifest.xml:27:22-68
36
37    <!-- Permissões de biometria -->
38    <uses-permission android:name="android.permission.USE_BIOMETRIC" />
38-->src\main\AndroidManifest.xml:30:5-72
38-->src\main\AndroidManifest.xml:30:22-69
39    <uses-permission android:name="android.permission.USE_FINGERPRINT" />
39-->src\main\AndroidManifest.xml:31:5-74
39-->src\main\AndroidManifest.xml:31:22-71
40
41    <!-- Permissões específicas para Android 14+ -->
42    <uses-permission android:name="android.permission.FOREGROUND_SERVICE" />
42-->src\main\AndroidManifest.xml:34:5-77
42-->src\main\AndroidManifest.xml:34:22-74
43    <uses-permission android:name="android.permission.FOREGROUND_SERVICE_DATA_SYNC" />
43-->src\main\AndroidManifest.xml:35:5-87
43-->src\main\AndroidManifest.xml:35:22-84
44    <uses-permission android:name="android.permission.FOREGROUND_SERVICE_CAMERA" />
44-->src\main\AndroidManifest.xml:36:5-84
44-->src\main\AndroidManifest.xml:36:22-81
45    <uses-permission android:name="android.permission.READ_MEDIA_IMAGES" />
45-->src\main\AndroidManifest.xml:37:5-76
45-->src\main\AndroidManifest.xml:37:22-73
46    <uses-permission android:name="android.permission.POST_NOTIFICATIONS" />
46-->src\main\AndroidManifest.xml:38:5-77
46-->src\main\AndroidManifest.xml:38:22-74
47
48    <!-- Permissões para compatibilidade com Android 14 -->
49    <uses-permission android:name="android.permission.SYSTEM_ALERT_WINDOW" />
49-->src\main\AndroidManifest.xml:41:5-78
49-->src\main\AndroidManifest.xml:41:22-75
50    <uses-permission android:name="android.permission.USE_FULL_SCREEN_INTENT" />
50-->src\main\AndroidManifest.xml:42:5-81
50-->src\main\AndroidManifest.xml:42:22-78
51
52    <!-- Features de câmera com configurações específicas para Android 14 -->
53    <uses-feature
53-->src\main\AndroidManifest.xml:45:5-47:35
54        android:name="android.hardware.camera"
54-->src\main\AndroidManifest.xml:46:9-47
55        android:required="true" />
55-->src\main\AndroidManifest.xml:47:9-32
56    <uses-feature
56-->src\main\AndroidManifest.xml:48:5-50:36
57        android:name="android.hardware.camera2"
57-->src\main\AndroidManifest.xml:49:9-48
58        android:required="false" />
58-->src\main\AndroidManifest.xml:50:9-33
59    <uses-feature
59-->src\main\AndroidManifest.xml:51:5-53:36
60        android:name="android.hardware.camera.autofocus"
60-->src\main\AndroidManifest.xml:52:9-57
61        android:required="false" />
61-->src\main\AndroidManifest.xml:53:9-33
62    <uses-feature
62-->src\main\AndroidManifest.xml:54:5-56:36
63        android:name="android.hardware.camera.flash"
63-->src\main\AndroidManifest.xml:55:9-53
64        android:required="false" />
64-->src\main\AndroidManifest.xml:56:9-33
65    <uses-feature
65-->src\main\AndroidManifest.xml:57:5-59:36
66        android:name="android.hardware.camera.front"
66-->src\main\AndroidManifest.xml:58:9-53
67        android:required="false" />
67-->src\main\AndroidManifest.xml:59:9-33
68    <uses-feature
68-->src\main\AndroidManifest.xml:60:5-62:35
69        android:name="android.hardware.camera.any"
69-->src\main\AndroidManifest.xml:61:9-51
70        android:required="true" />
70-->src\main\AndroidManifest.xml:62:9-32
71
72    <uses-permission android:name="android.permission.RECEIVE_BOOT_COMPLETED" />
72-->[androidx.work:work-runtime:2.9.0] AndroidManifest.xml:25:5-81
72-->[androidx.work:work-runtime:2.9.0] AndroidManifest.xml:25:22-78
73
74    <permission
74-->[androidx.core:core:1.12.0] AndroidManifest.xml:22:5-24:47
75        android:name="com.inventario.mobile.DYNAMIC_RECEIVER_NOT_EXPORTED_PERMISSION"
75-->[androidx.core:core:1.12.0] AndroidManifest.xml:23:9-81
76        android:protectionLevel="signature" />
76-->[androidx.core:core:1.12.0] AndroidManifest.xml:24:9-44
77
78    <uses-permission android:name="com.inventario.mobile.DYNAMIC_RECEIVER_NOT_EXPORTED_PERMISSION" />
78-->[androidx.core:core:1.12.0] AndroidManifest.xml:26:5-97
78-->[androidx.core:core:1.12.0] AndroidManifest.xml:26:22-94
79
80    <uses-feature
80-->[com.journeyapps:zxing-android-embedded:4.3.0] AndroidManifest.xml:39:5-41:36
81        android:name="android.hardware.screen.landscape"
81-->[com.journeyapps:zxing-android-embedded:4.3.0] AndroidManifest.xml:40:9-57
82        android:required="false" />
82-->[com.journeyapps:zxing-android-embedded:4.3.0] AndroidManifest.xml:41:9-33
83    <uses-feature
83-->[com.journeyapps:zxing-android-embedded:4.3.0] AndroidManifest.xml:42:5-44:36
84        android:name="android.hardware.wifi"
84-->[com.journeyapps:zxing-android-embedded:4.3.0] AndroidManifest.xml:43:9-45
85        android:required="false" />
85-->[com.journeyapps:zxing-android-embedded:4.3.0] AndroidManifest.xml:44:9-33
86
87    <application
87-->src\main\AndroidManifest.xml:64:5-227:19
88        android:name="com.inventario.mobile.InventarioMobileApplication"
88-->src\main\AndroidManifest.xml:65:9-52
89        android:allowBackup="true"
89-->src\main\AndroidManifest.xml:66:9-35
90        android:appComponentFactory="androidx.core.app.CoreComponentFactory"
90-->[androidx.core:core:1.12.0] AndroidManifest.xml:28:18-86
91        android:dataExtractionRules="@xml/data_extraction_rules"
91-->src\main\AndroidManifest.xml:67:9-65
92        android:enableOnBackInvokedCallback="true"
92-->src\main\AndroidManifest.xml:78:9-51
93        android:extractNativeLibs="true"
94        android:fullBackupContent="@xml/backup_rules"
94-->src\main\AndroidManifest.xml:68:9-54
95        android:icon="@mipmap/ic_launcher"
95-->src\main\AndroidManifest.xml:69:9-43
96        android:label="@string/app_name"
96-->src\main\AndroidManifest.xml:70:9-41
97        android:networkSecurityConfig="@xml/network_security_config"
97-->src\main\AndroidManifest.xml:75:9-69
98        android:preserveLegacyExternalStorage="false"
98-->src\main\AndroidManifest.xml:77:9-54
99        android:requestLegacyExternalStorage="false"
99-->src\main\AndroidManifest.xml:76:9-53
100        android:roundIcon="@mipmap/ic_launcher_round"
100-->src\main\AndroidManifest.xml:71:9-54
101        android:supportsRtl="true"
101-->src\main\AndroidManifest.xml:72:9-35
102        android:theme="@style/Theme.InventarioMobile"
102-->src\main\AndroidManifest.xml:73:9-54
103        android:usesCleartextTraffic="true" >
103-->src\main\AndroidManifest.xml:74:9-44
104
105        <!-- Splash Screen Activity -->
106        <activity
106-->src\main\AndroidManifest.xml:82:9-90:20
107            android:name="com.inventario.mobile.ui.splash.SplashActivity"
107-->src\main\AndroidManifest.xml:83:13-53
108            android:exported="true"
108-->src\main\AndroidManifest.xml:84:13-36
109            android:theme="@style/Theme.InventarioMobile.Splash" >
109-->src\main\AndroidManifest.xml:85:13-65
110            <intent-filter>
110-->src\main\AndroidManifest.xml:86:13-89:29
111                <action android:name="android.intent.action.MAIN" />
111-->src\main\AndroidManifest.xml:87:17-69
111-->src\main\AndroidManifest.xml:87:25-66
112
113                <category android:name="android.intent.category.LAUNCHER" />
113-->src\main\AndroidManifest.xml:88:17-77
113-->src\main\AndroidManifest.xml:88:27-74
114            </intent-filter>
115        </activity>
116
117        <!-- Main Activity -->
118        <activity
118-->src\main\AndroidManifest.xml:93:9-98:58
119            android:name="com.inventario.mobile.presentation.main.MainActivity"
119-->src\main\AndroidManifest.xml:94:13-59
120            android:exported="false"
120-->src\main\AndroidManifest.xml:95:13-37
121            android:screenOrientation="portrait"
121-->src\main\AndroidManifest.xml:96:13-49
122            android:theme="@style/Theme.InventarioMobile.NoActionBar"
122-->src\main\AndroidManifest.xml:97:13-70
123            android:windowSoftInputMode="adjustResize" />
123-->src\main\AndroidManifest.xml:98:13-55
124
125        <!-- Login Activity -->
126        <activity
126-->src\main\AndroidManifest.xml:101:9-105:58
127            android:name="com.inventario.mobile.presentation.login.LoginActivity"
127-->src\main\AndroidManifest.xml:102:13-61
128            android:exported="false"
128-->src\main\AndroidManifest.xml:103:13-37
129            android:screenOrientation="portrait"
129-->src\main\AndroidManifest.xml:104:13-49
130            android:windowSoftInputMode="adjustResize" />
130-->src\main\AndroidManifest.xml:105:13-55
131
132        <!-- Scanner Activity -->
133        <activity
133-->src\main\AndroidManifest.xml:108:9-112:73
134            android:name="com.inventario.mobile.presentation.scanner.ScannerActivity"
134-->src\main\AndroidManifest.xml:109:13-65
135            android:exported="false"
135-->src\main\AndroidManifest.xml:110:13-37
136            android:screenOrientation="portrait"
136-->src\main\AndroidManifest.xml:111:13-49
137            android:theme="@style/Theme.InventarioMobile.NoActionBar" />
137-->src\main\AndroidManifest.xml:112:13-70
138
139        <!-- Sala Selection Activity -->
140        <activity
140-->src\main\AndroidManifest.xml:115:9-120:58
141            android:name="com.inventario.mobile.presentation.sala.SalaSelectionActivity"
141-->src\main\AndroidManifest.xml:116:13-68
142            android:exported="false"
142-->src\main\AndroidManifest.xml:117:13-37
143            android:screenOrientation="portrait"
143-->src\main\AndroidManifest.xml:118:13-49
144            android:theme="@style/Theme.InventarioMobile.NoActionBar"
144-->src\main\AndroidManifest.xml:119:13-70
145            android:windowSoftInputMode="adjustResize" />
145-->src\main\AndroidManifest.xml:120:13-55
146
147        <!-- Sala Selection Paging Activity (Otimizada) -->
148        <activity
148-->src\main\AndroidManifest.xml:123:9-128:58
149            android:name="com.inventario.mobile.presentation.sala.SalaSelectionPagingActivity"
149-->src\main\AndroidManifest.xml:124:13-74
150            android:exported="false"
150-->src\main\AndroidManifest.xml:125:13-37
151            android:screenOrientation="portrait"
151-->src\main\AndroidManifest.xml:126:13-49
152            android:theme="@style/Theme.InventarioMobile.NoActionBar"
152-->src\main\AndroidManifest.xml:127:13-70
153            android:windowSoftInputMode="adjustResize" />
153-->src\main\AndroidManifest.xml:128:13-55
154
155        <!-- Manual Collection Activity -->
156        <activity
156-->src\main\AndroidManifest.xml:131:9-136:58
157            android:name="com.inventario.mobile.presentation.coleta.ManualCollectionActivity"
157-->src\main\AndroidManifest.xml:132:13-73
158            android:exported="false"
158-->src\main\AndroidManifest.xml:133:13-37
159            android:screenOrientation="portrait"
159-->src\main\AndroidManifest.xml:134:13-49
160            android:theme="@style/Theme.InventarioMobile.NoActionBar"
160-->src\main\AndroidManifest.xml:135:13-70
161            android:windowSoftInputMode="adjustResize" />
161-->src\main\AndroidManifest.xml:136:13-55
162
163        <!-- Collection View Activity -->
164        <activity
164-->src\main\AndroidManifest.xml:139:9-144:58
165            android:name="com.inventario.mobile.presentation.coleta.CollectionViewActivity"
165-->src\main\AndroidManifest.xml:140:13-71
166            android:exported="false"
166-->src\main\AndroidManifest.xml:141:13-37
167            android:screenOrientation="portrait"
167-->src\main\AndroidManifest.xml:142:13-49
168            android:theme="@style/Theme.InventarioMobile.NoActionBar"
168-->src\main\AndroidManifest.xml:143:13-70
169            android:windowSoftInputMode="adjustResize" />
169-->src\main\AndroidManifest.xml:144:13-55
170
171        <!-- Descricao Selection Activity -->
172        <activity
172-->src\main\AndroidManifest.xml:147:9-152:58
173            android:name="com.inventario.mobile.presentation.descricao.DescricaoSelectionActivity"
173-->src\main\AndroidManifest.xml:148:13-78
174            android:exported="false"
174-->src\main\AndroidManifest.xml:149:13-37
175            android:screenOrientation="portrait"
175-->src\main\AndroidManifest.xml:150:13-49
176            android:theme="@style/Theme.InventarioMobile.NoActionBar"
176-->src\main\AndroidManifest.xml:151:13-70
177            android:windowSoftInputMode="adjustResize" />
177-->src\main\AndroidManifest.xml:152:13-55
178
179        <!-- Network Diagnostic Activity -->
180        <activity
180-->src\main\AndroidManifest.xml:155:9-160:58
181            android:name="com.inventario.mobile.presentation.activity.NetworkDiagnosticActivity"
181-->src\main\AndroidManifest.xml:156:13-76
182            android:exported="false"
182-->src\main\AndroidManifest.xml:157:13-37
183            android:screenOrientation="portrait"
183-->src\main\AndroidManifest.xml:158:13-49
184            android:theme="@style/Theme.InventarioMobile.NoActionBar"
184-->src\main\AndroidManifest.xml:159:13-70
185            android:windowSoftInputMode="adjustResize" />
185-->src\main\AndroidManifest.xml:160:13-55
186
187        <!-- Settings Activity -->
188        <activity
188-->src\main\AndroidManifest.xml:163:9-168:58
189            android:name="com.inventario.mobile.presentation.settings.SettingsActivity"
189-->src\main\AndroidManifest.xml:164:13-67
190            android:exported="false"
190-->src\main\AndroidManifest.xml:165:13-37
191            android:screenOrientation="portrait"
191-->src\main\AndroidManifest.xml:166:13-49
192            android:theme="@style/Theme.InventarioMobile.NoActionBar"
192-->src\main\AndroidManifest.xml:167:13-70
193            android:windowSoftInputMode="adjustResize" />
193-->src\main\AndroidManifest.xml:168:13-55
194
195        <!-- Statistics Activity -->
196        <activity
196-->src\main\AndroidManifest.xml:171:9-176:58
197            android:name="com.inventario.mobile.presentation.statistics.StatisticsActivity"
197-->src\main\AndroidManifest.xml:172:13-71
198            android:exported="false"
198-->src\main\AndroidManifest.xml:173:13-37
199            android:screenOrientation="portrait"
199-->src\main\AndroidManifest.xml:174:13-49
200            android:theme="@style/Theme.InventarioMobile.NoActionBar"
200-->src\main\AndroidManifest.xml:175:13-70
201            android:windowSoftInputMode="adjustResize" />
201-->src\main\AndroidManifest.xml:176:13-55
202
203        <!-- Sync Activity -->
204        <activity
204-->src\main\AndroidManifest.xml:179:9-184:58
205            android:name="com.inventario.mobile.presentation.sync.SyncActivity"
205-->src\main\AndroidManifest.xml:180:13-59
206            android:exported="false"
206-->src\main\AndroidManifest.xml:181:13-37
207            android:screenOrientation="portrait"
207-->src\main\AndroidManifest.xml:182:13-49
208            android:theme="@style/Theme.InventarioMobile.NoActionBar"
208-->src\main\AndroidManifest.xml:183:13-70
209            android:windowSoftInputMode="adjustResize" />
209-->src\main\AndroidManifest.xml:184:13-55
210
211        <!-- Pending Collections Activity -->
212        <activity
212-->src\main\AndroidManifest.xml:187:9-192:58
213            android:name="com.inventario.mobile.presentation.sync.PendingCollectionsActivity"
213-->src\main\AndroidManifest.xml:188:13-73
214            android:exported="false"
214-->src\main\AndroidManifest.xml:189:13-37
215            android:screenOrientation="portrait"
215-->src\main\AndroidManifest.xml:190:13-49
216            android:theme="@style/Theme.InventarioMobile.NoActionBar"
216-->src\main\AndroidManifest.xml:191:13-70
217            android:windowSoftInputMode="adjustResize" />
217-->src\main\AndroidManifest.xml:192:13-55
218
219        <!-- Inventario Activity -->
220        <activity
220-->src\main\AndroidManifest.xml:195:9-200:55
221            android:name="com.inventario.mobile.presentation.inventario.InventarioActivity"
221-->src\main\AndroidManifest.xml:196:13-71
222            android:exported="false"
222-->src\main\AndroidManifest.xml:197:13-37
223            android:screenOrientation="portrait"
223-->src\main\AndroidManifest.xml:198:13-49
224            android:theme="@style/Theme.InventarioMobile.NoActionBar"
224-->src\main\AndroidManifest.xml:199:13-70
225            android:windowSoftInputMode="adjustPan" />
225-->src\main\AndroidManifest.xml:200:13-52
226
227        <!-- Filtros Activity -->
228        <activity
228-->src\main\AndroidManifest.xml:203:9-208:58
229            android:name="com.inventario.mobile.presentation.inventario.FiltrosActivity"
229-->src\main\AndroidManifest.xml:204:13-68
230            android:exported="false"
230-->src\main\AndroidManifest.xml:205:13-37
231            android:screenOrientation="portrait"
231-->src\main\AndroidManifest.xml:206:13-49
232            android:theme="@style/Theme.InventarioMobile.NoActionBar"
232-->src\main\AndroidManifest.xml:207:13-70
233            android:windowSoftInputMode="adjustResize" />
233-->src\main\AndroidManifest.xml:208:13-55
234
235        <!-- Work Manager para sincronização -->
236        <service
236-->src\main\AndroidManifest.xml:211:9-214:34
237            android:name="androidx.work.impl.foreground.SystemForegroundService"
237-->src\main\AndroidManifest.xml:212:13-81
238            android:directBootAware="false"
238-->[androidx.work:work-runtime:2.9.0] AndroidManifest.xml:55:13-44
239            android:enabled="@bool/enable_system_foreground_service_default"
239-->[androidx.work:work-runtime:2.9.0] AndroidManifest.xml:56:13-77
240            android:exported="false"
240-->[androidx.work:work-runtime:2.9.0] AndroidManifest.xml:57:13-37
241            android:foregroundServiceType="dataSync" />
241-->src\main\AndroidManifest.xml:213:13-53
242
243        <!-- File Provider para compartilhamento de arquivos -->
244        <provider
245            android:name="androidx.core.content.FileProvider"
245-->src\main\AndroidManifest.xml:218:13-62
246            android:authorities="com.inventario.mobile.fileprovider"
246-->src\main\AndroidManifest.xml:219:13-64
247            android:exported="false"
247-->src\main\AndroidManifest.xml:220:13-37
248            android:grantUriPermissions="true" >
248-->src\main\AndroidManifest.xml:221:13-47
249            <meta-data
249-->src\main\AndroidManifest.xml:222:13-224:54
250                android:name="android.support.FILE_PROVIDER_PATHS"
250-->src\main\AndroidManifest.xml:223:17-67
251                android:resource="@xml/file_paths" />
251-->src\main\AndroidManifest.xml:224:17-51
252        </provider>
253
254        <activity
254-->[pub.devrel:easypermissions:3.0.0] AndroidManifest.xml:12:9-16:66
255            android:name="pub.devrel.easypermissions.AppSettingsDialogHolderActivity"
255-->[pub.devrel:easypermissions:3.0.0] AndroidManifest.xml:13:13-86
256            android:exported="false"
256-->[pub.devrel:easypermissions:3.0.0] AndroidManifest.xml:14:13-37
257            android:label=""
257-->[pub.devrel:easypermissions:3.0.0] AndroidManifest.xml:15:13-29
258            android:theme="@style/EasyPermissions.Transparent" />
258-->[pub.devrel:easypermissions:3.0.0] AndroidManifest.xml:16:13-63
259
260        <provider
260-->[androidx.work:work-runtime:2.9.0] AndroidManifest.xml:29:9-37:20
261            android:name="androidx.startup.InitializationProvider"
261-->[androidx.work:work-runtime:2.9.0] AndroidManifest.xml:30:13-67
262            android:authorities="com.inventario.mobile.androidx-startup"
262-->[androidx.work:work-runtime:2.9.0] AndroidManifest.xml:31:13-68
263            android:exported="false" >
263-->[androidx.work:work-runtime:2.9.0] AndroidManifest.xml:32:13-37
264            <meta-data
264-->[androidx.work:work-runtime:2.9.0] AndroidManifest.xml:34:13-36:52
265                android:name="androidx.work.WorkManagerInitializer"
265-->[androidx.work:work-runtime:2.9.0] AndroidManifest.xml:35:17-68
266                android:value="androidx.startup" />
266-->[androidx.work:work-runtime:2.9.0] AndroidManifest.xml:36:17-49
267            <meta-data
267-->[androidx.emoji2:emoji2:1.2.0] AndroidManifest.xml:29:13-31:52
268                android:name="androidx.emoji2.text.EmojiCompatInitializer"
268-->[androidx.emoji2:emoji2:1.2.0] AndroidManifest.xml:30:17-75
269                android:value="androidx.startup" />
269-->[androidx.emoji2:emoji2:1.2.0] AndroidManifest.xml:31:17-49
270            <meta-data
270-->[androidx.lifecycle:lifecycle-process:2.7.0] AndroidManifest.xml:29:13-31:52
271                android:name="androidx.lifecycle.ProcessLifecycleInitializer"
271-->[androidx.lifecycle:lifecycle-process:2.7.0] AndroidManifest.xml:30:17-78
272                android:value="androidx.startup" />
272-->[androidx.lifecycle:lifecycle-process:2.7.0] AndroidManifest.xml:31:17-49
273            <meta-data
273-->[androidx.profileinstaller:profileinstaller:1.3.0] AndroidManifest.xml:29:13-31:52
274                android:name="androidx.profileinstaller.ProfileInstallerInitializer"
274-->[androidx.profileinstaller:profileinstaller:1.3.0] AndroidManifest.xml:30:17-85
275                android:value="androidx.startup" />
275-->[androidx.profileinstaller:profileinstaller:1.3.0] AndroidManifest.xml:31:17-49
276        </provider>
277
278        <service
278-->[androidx.work:work-runtime:2.9.0] AndroidManifest.xml:39:9-45:35
279            android:name="androidx.work.impl.background.systemalarm.SystemAlarmService"
279-->[androidx.work:work-runtime:2.9.0] AndroidManifest.xml:40:13-88
280            android:directBootAware="false"
280-->[androidx.work:work-runtime:2.9.0] AndroidManifest.xml:41:13-44
281            android:enabled="@bool/enable_system_alarm_service_default"
281-->[androidx.work:work-runtime:2.9.0] AndroidManifest.xml:42:13-72
282            android:exported="false" />
282-->[androidx.work:work-runtime:2.9.0] AndroidManifest.xml:43:13-37
283        <service
283-->[androidx.work:work-runtime:2.9.0] AndroidManifest.xml:46:9-52:35
284            android:name="androidx.work.impl.background.systemjob.SystemJobService"
284-->[androidx.work:work-runtime:2.9.0] AndroidManifest.xml:47:13-84
285            android:directBootAware="false"
285-->[androidx.work:work-runtime:2.9.0] AndroidManifest.xml:48:13-44
286            android:enabled="@bool/enable_system_job_service_default"
286-->[androidx.work:work-runtime:2.9.0] AndroidManifest.xml:49:13-70
287            android:exported="true"
287-->[androidx.work:work-runtime:2.9.0] AndroidManifest.xml:50:13-36
288            android:permission="android.permission.BIND_JOB_SERVICE" />
288-->[androidx.work:work-runtime:2.9.0] AndroidManifest.xml:51:13-69
289
290        <receiver
290-->[androidx.work:work-runtime:2.9.0] AndroidManifest.xml:61:9-66:35
291            android:name="androidx.work.impl.utils.ForceStopRunnable$BroadcastReceiver"
291-->[androidx.work:work-runtime:2.9.0] AndroidManifest.xml:62:13-88
292            android:directBootAware="false"
292-->[androidx.work:work-runtime:2.9.0] AndroidManifest.xml:63:13-44
293            android:enabled="true"
293-->[androidx.work:work-runtime:2.9.0] AndroidManifest.xml:64:13-35
294            android:exported="false" />
294-->[androidx.work:work-runtime:2.9.0] AndroidManifest.xml:65:13-37
295        <receiver
295-->[androidx.work:work-runtime:2.9.0] AndroidManifest.xml:67:9-77:20
296            android:name="androidx.work.impl.background.systemalarm.ConstraintProxy$BatteryChargingProxy"
296-->[androidx.work:work-runtime:2.9.0] AndroidManifest.xml:68:13-106
297            android:directBootAware="false"
297-->[androidx.work:work-runtime:2.9.0] AndroidManifest.xml:69:13-44
298            android:enabled="false"
298-->[androidx.work:work-runtime:2.9.0] AndroidManifest.xml:70:13-36
299            android:exported="false" >
299-->[androidx.work:work-runtime:2.9.0] AndroidManifest.xml:71:13-37
300            <intent-filter>
300-->[androidx.work:work-runtime:2.9.0] AndroidManifest.xml:73:13-76:29
301                <action android:name="android.intent.action.ACTION_POWER_CONNECTED" />
301-->[androidx.work:work-runtime:2.9.0] AndroidManifest.xml:74:17-87
301-->[androidx.work:work-runtime:2.9.0] AndroidManifest.xml:74:25-84
302                <action android:name="android.intent.action.ACTION_POWER_DISCONNECTED" />
302-->[androidx.work:work-runtime:2.9.0] AndroidManifest.xml:75:17-90
302-->[androidx.work:work-runtime:2.9.0] AndroidManifest.xml:75:25-87
303            </intent-filter>
304        </receiver>
305        <receiver
305-->[androidx.work:work-runtime:2.9.0] AndroidManifest.xml:78:9-88:20
306            android:name="androidx.work.impl.background.systemalarm.ConstraintProxy$BatteryNotLowProxy"
306-->[androidx.work:work-runtime:2.9.0] AndroidManifest.xml:79:13-104
307            android:directBootAware="false"
307-->[androidx.work:work-runtime:2.9.0] AndroidManifest.xml:80:13-44
308            android:enabled="false"
308-->[androidx.work:work-runtime:2.9.0] AndroidManifest.xml:81:13-36
309            android:exported="false" >
309-->[androidx.work:work-runtime:2.9.0] AndroidManifest.xml:82:13-37
310            <intent-filter>
310-->[androidx.work:work-runtime:2.9.0] AndroidManifest.xml:84:13-87:29
311                <action android:name="android.intent.action.BATTERY_OKAY" />
311-->[androidx.work:work-runtime:2.9.0] AndroidManifest.xml:85:17-77
311-->[androidx.work:work-runtime:2.9.0] AndroidManifest.xml:85:25-74
312                <action android:name="android.intent.action.BATTERY_LOW" />
312-->[androidx.work:work-runtime:2.9.0] AndroidManifest.xml:86:17-76
312-->[androidx.work:work-runtime:2.9.0] AndroidManifest.xml:86:25-73
313            </intent-filter>
314        </receiver>
315        <receiver
315-->[androidx.work:work-runtime:2.9.0] AndroidManifest.xml:89:9-99:20
316            android:name="androidx.work.impl.background.systemalarm.ConstraintProxy$StorageNotLowProxy"
316-->[androidx.work:work-runtime:2.9.0] AndroidManifest.xml:90:13-104
317            android:directBootAware="false"
317-->[androidx.work:work-runtime:2.9.0] AndroidManifest.xml:91:13-44
318            android:enabled="false"
318-->[androidx.work:work-runtime:2.9.0] AndroidManifest.xml:92:13-36
319            android:exported="false" >
319-->[androidx.work:work-runtime:2.9.0] AndroidManifest.xml:93:13-37
320            <intent-filter>
320-->[androidx.work:work-runtime:2.9.0] AndroidManifest.xml:95:13-98:29
321                <action android:name="android.intent.action.DEVICE_STORAGE_LOW" />
321-->[androidx.work:work-runtime:2.9.0] AndroidManifest.xml:96:17-83
321-->[androidx.work:work-runtime:2.9.0] AndroidManifest.xml:96:25-80
322                <action android:name="android.intent.action.DEVICE_STORAGE_OK" />
322-->[androidx.work:work-runtime:2.9.0] AndroidManifest.xml:97:17-82
322-->[androidx.work:work-runtime:2.9.0] AndroidManifest.xml:97:25-79
323            </intent-filter>
324        </receiver>
325        <receiver
325-->[androidx.work:work-runtime:2.9.0] AndroidManifest.xml:100:9-109:20
326            android:name="androidx.work.impl.background.systemalarm.ConstraintProxy$NetworkStateProxy"
326-->[androidx.work:work-runtime:2.9.0] AndroidManifest.xml:101:13-103
327            android:directBootAware="false"
327-->[androidx.work:work-runtime:2.9.0] AndroidManifest.xml:102:13-44
328            android:enabled="false"
328-->[androidx.work:work-runtime:2.9.0] AndroidManifest.xml:103:13-36
329            android:exported="false" >
329-->[androidx.work:work-runtime:2.9.0] AndroidManifest.xml:104:13-37
330            <intent-filter>
330-->[androidx.work:work-runtime:2.9.0] AndroidManifest.xml:106:13-108:29
331                <action android:name="android.net.conn.CONNECTIVITY_CHANGE" />